TN:
SF:src/coverage/compare.ts
FNF:6
FNH:6
DA:14,19
DA:15,48
DA:17,49
DA:18,19
DA:19,38
DA:20,20
DA:21,23
DA:22,60
DA:23,66
DA:24,52
DA:25,20
DA:26,3
DA:27,2
DA:29,47
DA:30,45
DA:32,17
DA:35,1
DA:36,7
DA:37,3
DA:38,29
DA:39,38
DA:40,49
DA:41,32
DA:42,2
DA:43,17
DA:46,14
DA:47,12
DA:48,13
DA:49,16
DA:50,18
DA:51,20
DA:52,18
DA:53,16
DA:54,21
DA:55,19
DA:56,22
DA:57,17
DA:58,1
DA:61,10
DA:62,7
DA:63,29
DA:64,33
DA:65,34
DA:69,23
DA:70,13
DA:71,11
DA:72,13
DA:73,13
DA:74,2
DA:80,6
DA:81,6
DA:82,6
DA:83,3
DA:84,49
DA:85,60
DA:87,20
DA:90,53
DA:91,57
DA:93,28
DA:94,30
DA:96,23
DA:97,35
DA:98,24
DA:99,21
DA:100,30
DA:101,32
DA:102,34
DA:103,23
DA:104,9
DA:105,15
DA:107,23
DA:108,35
DA:109,24
DA:110,21
DA:111,30
DA:112,32
DA:113,34
DA:114,23
DA:115,13
DA:117,46
DA:118,21
DA:119,33
DA:120,22
DA:121,22
DA:122,25
DA:123,27
DA:124,29
DA:125,25
DA:126,7
DA:127,13
DA:128,21
DA:129,33
DA:130,22
DA:131,22
DA:132,59
DA:133,65
DA:134,71
DA:135,23
DA:136,10
DA:138,2
DA:141,17
DA:142,55
DA:143,42
DA:144,57
DA:145,23
DA:146,35
DA:147,24
DA:148,24
DA:149,43
DA:150,47
DA:151,51
DA:152,25
DA:153,9
DA:154,4
DA:155,2
DA:156,2
DA:159,26
DA:160,71
DA:161,47
DA:163,60
DA:164,70
DA:165,4
DA:167,43
DA:168,4
DA:171,21
DA:172,15
DA:173,5
DA:174,65
DA:175,71
DA:176,19
DA:177,55
DA:178,3
DA:179,5
DA:180,24
DA:181,26
DA:182,25
DA:183,3
DA:185,12
DA:186,18
DA:187,17
DA:188,22
DA:189,19
DA:190,1
LF:143
LH:143
end_of_record
TN:
SF:src/coverage/summarize.ts
FNF:4
FNH:4
DA:4,16
DA:5,31
DA:6,24
DA:9,10
DA:10,12
DA:11,28
DA:12,58
DA:13,66
DA:14,70
DA:15,32
DA:16,28
DA:17,38
DA:18,34
DA:19,40
DA:20,33
DA:21,1
DA:24,10
DA:25,49
DA:26,43
DA:27,58
DA:28,52
DA:29,61
DA:30,55
DA:32,12
DA:33,25
DA:34,48
DA:35,56
DA:36,60
DA:37,15
DA:38,13
DA:39,18
DA:40,16
DA:41,19
DA:42,14
DA:43,2
DA:46,16
DA:47,26
DA:49,30
DA:50,42
DA:51,48
DA:53,20
DA:54,66
DA:55,13
DA:56,43
DA:58,2
DA:60,26
DA:61,24
DA:62,29
DA:63,27
DA:64,30
DA:65,28
DA:67,45
DA:68,43
DA:69,39
DA:70,49
DA:71,45
DA:72,51
DA:73,45
DA:74,2
DA:76,21
DA:77,17
DA:78,58
DA:79,66
DA:80,70
DA:81,32
DA:82,28
DA:83,38
DA:84,34
DA:85,40
DA:86,33
DA:87,4
DA:89,34
LF:72
LH:72
end_of_record
TN:
SF:src/github/baseline.ts
FNF:9
FNH:9
DA:5,126
DA:11,6
DA:12,9
DA:13,7
DA:14,6
DA:15,8
DA:16,12
DA:17,3
DA:18,68
DA:19,69
DA:21,21
DA:22,59
DA:23,12
DA:24,11
DA:25,6
DA:26,49
DA:27,29
DA:28,23
DA:29,10
DA:30,5
DA:31,11
DA:32,53
DA:33,59
DA:34,12
DA:35,11
DA:36,6
DA:37,49
DA:38,29
DA:39,10
DA:40,7
DA:48,6
DA:49,9
DA:50,7
DA:51,6
DA:52,7
DA:53,3
DA:54,9
DA:55,60
DA:56,12
DA:57,11
DA:58,6
DA:59,15
DA:60,7
DA:62,53
DA:63,60
DA:64,0
DA:65,1
DA:66,19
DA:67,34
DA:68,11
DA:69,4
DA:70,11
DA:74,1
DA:75,9
DA:76,7
DA:77,6
DA:78,7
DA:79,3
DA:80,9
DA:81,60
DA:82,12
DA:83,11
DA:84,6
DA:85,15
DA:86,7
DA:87,25
DA:88,15
DA:89,0
DA:90,1
DA:91,19
DA:92,34
DA:93,11
DA:94,0
DA:95,0
DA:103,1
DA:104,9
DA:105,7
DA:106,6
DA:107,7
DA:108,3
DA:109,9
DA:110,63
DA:111,19
DA:112,28
DA:113,0
DA:114,4
DA:117,63
DA:118,12
DA:119,8
DA:120,7
DA:121,59
DA:122,12
DA:123,11
DA:124,43
DA:125,7
DA:127,40
DA:128,12
DA:129,11
DA:130,34
DA:131,23
DA:132,6
DA:136,11
DA:137,7
DA:138,29
DA:139,18
DA:140,21
DA:141,20
LF:107
LH:102
end_of_record
TN:
SF:src/github/comment.ts
FNF:6
FNH:6
DA:5,45
DA:7,12
DA:8,44
DA:11,17
DA:12,25
DA:15,6
DA:16,9
DA:17,7
DA:18,6
DA:19,10
DA:20,7
DA:21,3
DA:22,35
DA:24,55
DA:25,34
DA:26,54
DA:27,7
DA:28,43
DA:29,44
DA:30,45
DA:31,4
DA:32,2
DA:33,2
DA:35,12
DA:38,6
DA:39,9
DA:40,7
DA:41,6
DA:42,10
DA:43,6
DA:44,7
DA:45,3
DA:46,77
DA:48,18
DA:49,64
DA:50,12
DA:51,11
DA:52,30
DA:53,8
DA:54,7
DA:55,14
DA:56,2
DA:58,62
DA:59,10
DA:60,9
DA:61,27
DA:62,6
DA:63,5
DA:64,14
LF:49
LH:49
end_of_record
TN:
SF:src/lcov/parse.ts
FNF:4
FNH:4
DA:3,6
DA:4,12
DA:5,17
DA:6,14
DA:7,18
DA:8,16
DA:9,17
DA:10,21
DA:11,19
DA:12,18
DA:13,22
DA:14,17
DA:15,1
DA:18,10
DA:20,56
DA:21,38
DA:22,2
DA:23,54
DA:24,70
DA:25,2
DA:26,12
DA:29,18
DA:30,21
DA:31,55
DA:33,21
DA:35,22
DA:37,29
DA:38,28
DA:39,49
DA:40,13
DA:41,4
DA:43,34
DA:44,34
DA:45,22
DA:46,39
DA:47,8
DA:48,4
DA:50,28
DA:51,13
DA:52,4
DA:54,36
DA:56,53
DA:57,42
DA:58,21
DA:59,22
DA:60,8
DA:61,4
DA:63,41
DA:64,29
DA:65,13
DA:66,4
DA:68,45
DA:69,45
DA:71,27
DA:72,15
DA:73,39
DA:74,33
DA:75,59
DA:76,63
DA:77,76
DA:78,34
DA:79,25
DA:80,26
DA:81,13
DA:82,8
DA:83,8
DA:84,5
DA:85,5
DA:86,15
DA:87,45
DA:88,60
DA:89,5
DA:90,5
DA:91,15
DA:92,45
DA:93,58
DA:94,5
DA:95,5
DA:96,17
DA:97,39
DA:98,33
DA:99,59
DA:100,60
DA:101,61
DA:102,75
DA:103,4
DA:104,29
DA:105,30
DA:106,31
DA:107,21
DA:108,13
DA:109,37
DA:110,25
DA:111,26
DA:112,27
DA:113,17
DA:114,13
DA:115,8
DA:116,8
DA:117,5
DA:118,5
DA:119,16
DA:120,45
DA:121,63
DA:122,5
DA:123,5
DA:124,16
DA:125,45
DA:126,61
DA:127,5
DA:128,5
DA:129,15
DA:130,39
DA:131,33
DA:132,58
DA:133,48
DA:134,50
DA:135,45
DA:136,28
DA:137,43
DA:138,21
DA:139,78
DA:141,8
DA:142,8
DA:143,5
DA:144,5
DA:145,17
DA:146,39
DA:147,33
DA:148,63
DA:149,48
DA:150,55
DA:151,45
DA:152,28
DA:153,53
DA:154,21
DA:155,78
DA:157,8
DA:158,8
DA:159,5
DA:160,5
DA:161,16
DA:162,45
DA:163,64
DA:164,5
DA:165,5
DA:166,16
DA:167,45
DA:168,62
DA:169,5
DA:170,16
DA:173,7
DA:175,2
DA:177,14
LF:154
LH:154
end_of_record
TN:
SF:src/report/badge.ts
FNF:2
FNH:2
DA:6,27
DA:7,54
DA:8,49
DA:9,13
DA:12,27
DA:13,45
DA:14,47
DA:15,58
DA:16,64
LF:9
LH:9
end_of_record
TN:
SF:src/report/markdown.ts
FNF:10
FNH:10
DA:2,38
DA:13,32
DA:15,22
DA:16,61
DA:17,52
DA:18,12
DA:21,10
DA:22,28
DA:25,1
DA:26,7
DA:27,8
DA:28,3
DA:29,42
DA:30,30
DA:31,24
DA:32,33
DA:33,36
DA:36,1
DA:37,12
DA:38,12
DA:39,14
DA:40,3
DA:41,46
DA:42,40
DA:44,63
DA:45,38
DA:46,49
DA:47,57
DA:48,2
DA:50,20
DA:51,56
DA:52,42
DA:53,50
DA:54,61
DA:55,2
DA:56,2
DA:58,22
DA:59,59
DA:60,37
DA:61,0
DA:62,0
DA:63,2
DA:64,2
DA:66,11
DA:69,1
DA:70,12
DA:71,14
DA:72,10
DA:73,3
DA:74,43
DA:75,41
DA:76,44
DA:77,36
DA:79,43
DA:80,57
DA:81,30
DA:84,1
DA:85,6
DA:86,12
DA:87,12
DA:88,14
DA:89,10
DA:90,3
DA:91,58
DA:92,78
DA:93,63
DA:94,67
DA:95,73
DA:96,33
DA:99,6
DA:100,12
DA:101,9
DA:102,3
DA:103,51
DA:104,19
DA:107,59
DA:108,35
DA:109,17
DA:112,27
DA:113,21
DA:114,41
DA:115,18
DA:116,6
DA:117,38
DA:118,17
DA:119,2
DA:122,11
DA:123,12
DA:124,12
DA:125,28
DA:126,28
DA:127,1
DA:128,4
DA:129,17
DA:132,78
DA:133,46
DA:134,30
DA:135,4
DA:138,33
DA:139,32
DA:140,28
DA:141,30
DA:142,8
DA:143,6
DA:144,28
DA:146,39
DA:147,11
DA:148,9
DA:149,6
DA:150,20
DA:151,28
DA:152,30
DA:153,8
DA:154,1
DA:155,6
DA:156,4
DA:157,17
DA:158,43
DA:159,42
DA:160,17
DA:161,3
DA:164,35
DA:165,38
DA:167,39
DA:169,32
DA:170,28
DA:171,30
DA:172,8
DA:173,10
DA:174,30
DA:175,6
DA:177,43
DA:178,11
DA:179,9
DA:180,6
DA:181,20
DA:182,28
DA:183,30
DA:184,8
DA:185,1
DA:186,8
DA:187,6
DA:188,19
DA:189,13
DA:190,54
DA:191,11
DA:192,72
DA:193,8
DA:194,21
DA:196,32
DA:197,28
DA:198,30
DA:199,8
DA:200,8
DA:201,30
DA:203,43
DA:204,11
DA:205,9
DA:206,6
DA:207,20
DA:208,28
DA:209,30
DA:210,8
DA:211,1
DA:212,8
DA:213,6
DA:214,21
DA:215,31
DA:217,2
DA:219,30
DA:222,39
DA:223,0
DA:224,0
DA:225,0
DA:226,2
DA:228,13
LF:176
LH:171
end_of_record
